Build started 11/27/2013 11:56:32 PM.
     1>Project "C:\Users\MAL-owner\Desktop\animes\animes\animes.vcxproj" on node 2 (build target(s)).
     1>InitializeBuildStatus:
         Creating "Debug\animes.unsuccessfulbuild" because "AlwaysCreate" was specified.
       ClCompile:
         c:\Program Files (x86)\Microsoft Visual Studio 10.0\VC\bin\CL.exe /c /ZI /nologo /W3 /WX- /Od /Oy- /D WIN32 /D _DEBUG /D _CONSOLE /D _UNICODE /D UNICODE /Gm /EHsc /RTC1 /MDd /GS /fp:precise /Zc:wchar_t /Zc:forScope /Fo"Debug\\" /Fd"Debug\vc100.pdb" /Gd /TP /analyze- /errorReport:prompt main.cpp
         main.cpp
     1>c:\users\mal-owner\desktop\animes\animes\main.cpp(225): warning C4715: 'MainScreenOptions' : not all control paths return a value
       ManifestResourceCompile:
         All outputs are up-to-date.
       Link:
         c:\Program Files (x86)\Microsoft Visual Studio 10.0\VC\bin\link.exe /ERRORREPORT:PROMPT /OUT:"C:\Users\MAL-owner\Desktop\animes\Debug\animes.exe" /INCREMENTAL /NOLOGO kernel32.lib user32.lib gdi32.lib winspool.lib comdlg32.lib advapi32.lib shell32.lib ole32.lib oleaut32.lib uuid.lib odbc32.lib odbccp32.lib /MANIFEST /ManifestFile:"Debug\animes.exe.intermediate.manifest" /MANIFESTUAC:"level='asInvoker' uiAccess='false'" /DEBUG /PDB:"C:\Users\MAL-owner\Desktop\animes\Debug\animes.pdb" /SUBSYSTEM:CONSOLE /TLBID:1 /DYNAMICBASE /NXCOMPAT /IMPLIB:"C:\Users\MAL-owner\Desktop\animes\Debug\animes.lib" /MACHINE:X86 Debug\animes.exe.embed.manifest.res
         Debug\main.obj
       Manifest:
         C:\Program Files (x86)\Microsoft SDKs\Windows\v7.0A\bin\mt.exe /nologo /verbose /out:"Debug\animes.exe.embed.manifest" /manifest Debug\animes.exe.intermediate.manifest
         All outputs are up-to-date.
       LinkEmbedManifest:
         All outputs are up-to-date.
         animes.vcxproj -> C:\Users\MAL-owner\Desktop\animes\Debug\animes.exe
       FinalizeBuildStatus:
         Deleting file "Debug\animes.unsuccessfulbuild".
         Touching "Debug\animes.lastbuildstate".
     1>Done Building Project "C:\Users\MAL-owner\Desktop\animes\animes\animes.vcxproj" (build target(s)).

Build succeeded.

Time Elapsed 00:00:03.25
