Build started 1/12/2013 9:03:15 PM.
     1>Project "C:\Users\Mark\Desktop\animes\animes\animes.vcxproj" on node 2 (build target(s)).
     1>InitializeBuildStatus:
         Creating "Release\animes.unsuccessfulbuild" because "AlwaysCreate" was specified.
       ClCompile:
         c:\Program Files (x86)\Microsoft Visual Studio 10.0\VC\bin\CL.exe /c /Zi /nologo /W3 /WX- /O2 /Oi /Oy- /GL /D WIN32 /D NDEBUG /D _CONSOLE /D _UNICODE /D UNICODE /Gm- /EHsc /MD /GS /Gy /fp:precise /Zc:wchar_t /Zc:forScope /Fo"Release\\" /Fd"Release\vc100.pdb" /Gd /TP /analyze- /errorReport:prompt main.cpp
         main.cpp
     1>main.cpp(256): warning C4018: '<=' : signed/unsigned mismatch
     1>main.cpp(263): warning C4018: '<=' : signed/unsigned mismatch
       Link:
         c:\Program Files (x86)\Microsoft Visual Studio 10.0\VC\bin\link.exe /ERRORREPORT:PROMPT /OUT:"C:\Users\Mark\Desktop\animes\Release\animes.exe" /INCREMENTAL:NO /NOLOGO kernel32.lib user32.lib gdi32.lib winspool.lib comdlg32.lib advapi32.lib shell32.lib ole32.lib oleaut32.lib uuid.lib odbc32.lib odbccp32.lib /MANIFEST /ManifestFile:"Release\animes.exe.intermediate.manifest" /MANIFESTUAC:"level='asInvoker' uiAccess='false'" /DEBUG /PDB:"C:\Users\Mark\Desktop\animes\Release\animes.pdb" /SUBSYSTEM:CONSOLE /OPT:REF /OPT:ICF /LTCG /TLBID:1 /DYNAMICBASE /NXCOMPAT /IMPLIB:"C:\Users\Mark\Desktop\animes\Release\animes.lib" /MACHINE:X86 Release\main.obj
         Generating code
     1>c:\users\mark\desktop\animes\animes\main.cpp(520): warning C4715: 'MainScreenOptions' : not all control paths return a value
         Finished generating code
         animes.vcxproj -> C:\Users\Mark\Desktop\animes\Release\animes.exe
       Manifest:
         C:\Program Files (x86)\Microsoft SDKs\Windows\v7.0A\bin\mt.exe /nologo /verbose /outputresource:"C:\Users\Mark\Desktop\animes\Release\animes.exe;#1" /manifest Release\animes.exe.intermediate.manifest
       FinalizeBuildStatus:
         Deleting file "Release\animes.unsuccessfulbuild".
         Touching "Release\animes.lastbuildstate".
     1>Done Building Project "C:\Users\Mark\Desktop\animes\animes\animes.vcxproj" (build target(s)).

Build succeeded.

Time Elapsed 00:00:02.48
